<?xml version="1.0" encoding="UTF-8"?>
<robot generator="Robot 3.2.1 (Python 3.8.1 on win32)" generated="20200609 14:24:40.390" rpa="false">
<suite id="s1" name="TestCase" source="C:\Users\ASUS\PycharmProjects\QISCUS\TestCases\TestCase.robot">
<kw name="Open Qiscus Multichannel" type="setup">
<kw name="Open Browser" library="SeleniumLibrary">
<doc>Opens a new browser instance to the given ``url``.</doc>
<arguments>
<arg>${QISCUS_MULTICHANNEL}</arg>
<arg>${Browser}</arg>
</arguments>
<msg timestamp="20200609 14:24:41.125" level="INFO">Opening browser 'chrome' to base url 'https://multichannel.qiscus.com/'.</msg>
<status status="PASS" starttime="20200609 14:24:41.124" endtime="20200609 14:24:52.389"></status>
</kw>
<kw name="Maximize Browser Window" library="SeleniumLibrary">
<doc>Maximizes current browser window.</doc>
<status status="PASS" starttime="20200609 14:24:52.390" endtime="20200609 14:24:54.600"></status>
</kw>
<status status="PASS" starttime="20200609 14:24:41.123" endtime="20200609 14:24:54.600"></status>
</kw>
<test id="s1-t1" name="TC01 Register">
<kw name="Sleep Testcase" type="setup">
<kw name="Set Selenium Speed" library="SeleniumLibrary">
<doc>Sets the delay that is waited after each Selenium command.</doc>
<arguments>
<arg>1s</arg>
</arguments>
<status status="PASS" starttime="20200609 14:24:54.604" endtime="20200609 14:24:54.605"></status>
</kw>
<status status="PASS" starttime="20200609 14:24:54.603" endtime="20200609 14:24:54.605"></status>
</kw>
<kw name="Open Register page" library="Register">
<kw name="Click Element" library="SeleniumLibrary">
<doc>Click element identified by ``locator``.</doc>
<arguments>
<arg>${REGISTER}</arg>
</arguments>
<msg timestamp="20200609 14:24:54.608" level="INFO">Clicking element 'xpath://a[contains(text(),'Register Now')]'.</msg>
<status status="PASS" starttime="20200609 14:24:54.607" endtime="20200609 14:24:59.217"></status>
</kw>
<kw name="Wait Until Page Contains" library="SeleniumLibrary">
<doc>Waits until ``text`` appears on current page.</doc>
<arguments>
<arg>Create Your Account</arg>
</arguments>
<status status="PASS" starttime="20200609 14:24:59.217" endtime="20200609 14:25:00.242"></status>
</kw>
<status status="PASS" starttime="20200609 14:24:54.606" endtime="20200609 14:25:00.242"></status>
</kw>
<kw name="Invalid Email Regitration" library="Register">
<kw name="Input Text" library="SeleniumLibrary">
<doc>Types the given ``text`` into text field identified by ``locator``.</doc>
<arguments>
<arg>${COMPANY_NAME_FIELD}</arg>
<arg>Graendy_test</arg>
</arguments>
<msg timestamp="20200609 14:25:00.245" level="INFO">Typing text 'Graendy_test' into text field 'name:company_name'.</msg>
<status status="PASS" starttime="20200609 14:25:00.244" endtime="20200609 14:25:03.562"></status>
</kw>
<kw name="Click Element" library="SeleniumLibrary">
<doc>Click element identified by ``locator``.</doc>
<arguments>
<arg>${COMPANY_NAME_FIELD}</arg>
</arguments>
<msg timestamp="20200609 14:25:03.564" level="INFO">Clicking element 'name:company_name'.</msg>
<status status="PASS" starttime="20200609 14:25:03.563" endtime="20200609 14:25:05.644"></status>
</kw>
<kw name="Click Element" library="SeleniumLibrary">
<doc>Click element identified by ``locator``.</doc>
<arguments>
<arg>${AUTOMOTIVE}</arg>
</arguments>
<msg timestamp="20200609 14:25:05.645" level="INFO">Clicking element 'xpath://*[text()[contains(., "Automotive")]]'.</msg>
<status status="PASS" starttime="20200609 14:25:05.644" endtime="20200609 14:25:07.726"></status>
</kw>
<kw name="Input Text" library="SeleniumLibrary">
<doc>Types the given ``text`` into text field identified by ``locator``.</doc>
<arguments>
<arg>${REGIST_EMAIL}</arg>
<arg>panthalasian11@gmail</arg>
</arguments>
<msg timestamp="20200609 14:25:07.727" level="INFO">Typing text 'panthalasian11@gmail' into text field 'name:work_email'.</msg>
<status status="PASS" starttime="20200609 14:25:07.726" endtime="20200609 14:25:11.060"></status>
</kw>
<kw name="Input Text" library="SeleniumLibrary">
<doc>Types the given ``text`` into text field identified by ``locator``.</doc>
<arguments>
<arg>${PHONE_NUMBER}</arg>
<arg>0859126406102</arg>
</arguments>
<msg timestamp="20200609 14:25:11.061" level="INFO">Typing text '0859126406102' into text field 'name:phone_number'.</msg>
<status status="PASS" starttime="20200609 14:25:11.060" endtime="20200609 14:25:14.353"></status>
</kw>
<kw name="Input Text" library="SeleniumLibrary">
<doc>Types the given ``text`` into text field identified by ``locator``.</doc>
<arguments>
<arg>${REGIST_PASSWORD}</arg>
<arg>graendy123</arg>
</arguments>
<msg timestamp="20200609 14:25:14.354" level="INFO">Typing text 'graendy123' into text field 'name:password'.</msg>
<status status="PASS" starttime="20200609 14:25:14.353" endtime="20200609 14:25:17.624"></status>
</kw>
<kw name="Input Text" library="SeleniumLibrary">
<doc>Types the given ``text`` into text field identified by ``locator``.</doc>
<arguments>
<arg>${CONFIRMATION_PASS}</arg>
<arg>graendy123</arg>
</arguments>
<msg timestamp="20200609 14:25:17.625" level="INFO">Typing text 'graendy123' into text field 'name:confirmation'.</msg>
<status status="PASS" starttime="20200609 14:25:17.624" endtime="20200609 14:25:20.849"></status>
</kw>
<kw name="Click Element" library="SeleniumLibrary">
<doc>Click element identified by ``locator``.</doc>
<arguments>
<arg>${REGISTER_BUTTON}</arg>
</arguments>
<msg timestamp="20200609 14:25:20.850" level="INFO">Clicking element 'xpath://button[contains(text(),'Register')]'.</msg>
<status status="PASS" starttime="20200609 14:25:20.849" endtime="20200609 14:25:23.000"></status>
</kw>
<kw name="Wait Until Page Contains Element" library="SeleniumLibrary">
<doc>Waits until element ``locator`` appears on current page.</doc>
<arguments>
<arg>${EMAIL_WARNING_MESS}</arg>
</arguments>
<status status="PASS" starttime="20200609 14:25:23.000" endtime="20200609 14:25:24.048"></status>
</kw>
<kw name="Click Element" library="SeleniumLibrary">
<doc>Click element identified by ``locator``.</doc>
<arguments>
<arg>${SIGN_IN_Back}</arg>
</arguments>
<msg timestamp="20200609 14:25:24.049" level="INFO">Clicking element 'xpath://a[contains(text(),'Sign in')]'.</msg>
<status status="PASS" starttime="20200609 14:25:24.048" endtime="20200609 14:25:26.613"></status>
</kw>
<status status="PASS" starttime="20200609 14:25:00.243" endtime="20200609 14:25:26.613"></status>
</kw>
<kw name="Invalid Password" library="Register">
<kw name="Click Element" library="SeleniumLibrary">
<doc>Click element identified by ``locator``.</doc>
<arguments>
<arg>${REGISTER}</arg>
</arguments>
<msg timestamp="20200609 14:25:26.616" level="INFO">Clicking element 'xpath://a[contains(text(),'Register Now')]'.</msg>
<status status="PASS" starttime="20200609 14:25:26.615" endtime="20200609 14:25:29.870"></status>
</kw>
<kw name="Input Text" library="SeleniumLibrary">
<doc>Types the given ``text`` into text field identified by ``locator``.</doc>
<arguments>
<arg>${COMPANY_NAME_FIELD}</arg>
<arg>Graendy_test</arg>
</arguments>
<msg timestamp="20200609 14:25:29.871" level="INFO">Typing text 'Graendy_test' into text field 'name:company_name'.</msg>
<status status="PASS" starttime="20200609 14:25:29.870" endtime="20200609 14:25:33.177"></status>
</kw>
<kw name="Click Element" library="SeleniumLibrary">
<doc>Click element identified by ``locator``.</doc>
<arguments>
<arg>${COMPANY_NAME_FIELD}</arg>
</arguments>
<msg timestamp="20200609 14:25:33.178" level="INFO">Clicking element 'name:company_name'.</msg>
<status status="PASS" starttime="20200609 14:25:33.177" endtime="20200609 14:25:35.262"></status>
</kw>
<kw name="Click Element" library="SeleniumLibrary">
<doc>Click element identified by ``locator``.</doc>
<arguments>
<arg>${AUTOMOTIVE}</arg>
</arguments>
<msg timestamp="20200609 14:25:35.263" level="INFO">Clicking element 'xpath://*[text()[contains(., "Automotive")]]'.</msg>
<status status="PASS" starttime="20200609 14:25:35.262" endtime="20200609 14:25:37.341"></status>
</kw>
<kw name="Input Text" library="SeleniumLibrary">
<doc>Types the given ``text`` into text field identified by ``locator``.</doc>
<arguments>
<arg>${REGIST_EMAIL}</arg>
<arg>panthalasian11@gmail.com</arg>
</arguments>
<msg timestamp="20200609 14:25:37.342" level="INFO">Typing text 'panthalasian11@gmail.com' into text field 'name:work_email'.</msg>
<status status="PASS" starttime="20200609 14:25:37.342" endtime="20200609 14:25:40.701"></status>
</kw>
<kw name="Input Text" library="SeleniumLibrary">
<doc>Types the given ``text`` into text field identified by ``locator``.</doc>
<arguments>
<arg>${PHONE_NUMBER}</arg>
<arg>0859126406102</arg>
</arguments>
<msg timestamp="20200609 14:25:40.702" level="INFO">Typing text '0859126406102' into text field 'name:phone_number'.</msg>
<status status="PASS" starttime="20200609 14:25:40.701" endtime="20200609 14:25:43.969"></status>
</kw>
<kw name="Input Text" library="SeleniumLibrary">
<doc>Types the given ``text`` into text field identified by ``locator``.</doc>
<arguments>
<arg>${REGIST_PASSWORD}</arg>
<arg>graendy123</arg>
</arguments>
<msg timestamp="20200609 14:25:43.970" level="INFO">Typing text 'graendy123' into text field 'name:password'.</msg>
<status status="PASS" starttime="20200609 14:25:43.969" endtime="20200609 14:25:47.260"></status>
</kw>
<kw name="Input Text" library="SeleniumLibrary">
<doc>Types the given ``text`` into text field identified by ``locator``.</doc>
<arguments>
<arg>${CONFIRMATION_PASS}</arg>
<arg>graendy1234</arg>
</arguments>
<msg timestamp="20200609 14:25:47.262" level="INFO">Typing text 'graendy1234' into text field 'name:confirmation'.</msg>
<status status="PASS" starttime="20200609 14:25:47.261" endtime="20200609 14:25:50.510"></status>
</kw>
<kw name="Click Element" library="SeleniumLibrary">
<doc>Click element identified by ``locator``.</doc>
<arguments>
<arg>${REGISTER_BUTTON}</arg>
</arguments>
<msg timestamp="20200609 14:25:50.511" level="INFO">Clicking element 'xpath://button[contains(text(),'Register')]'.</msg>
<status status="PASS" starttime="20200609 14:25:50.510" endtime="20200609 14:25:52.643"></status>
</kw>
<kw name="Wait Until Page Contains Element" library="SeleniumLibrary">
<doc>Waits until element ``locator`` appears on current page.</doc>
<arguments>
<arg>${PASS_WARNING_MESS}</arg>
</arguments>
<status status="PASS" starttime="20200609 14:25:52.643" endtime="20200609 14:25:53.665"></status>
</kw>
<kw name="Click Element" library="SeleniumLibrary">
<doc>Click element identified by ``locator``.</doc>
<arguments>
<arg>${SIGN_IN_Back}</arg>
</arguments>
<msg timestamp="20200609 14:25:53.666" level="INFO">Clicking element 'xpath://a[contains(text(),'Sign in')]'.</msg>
<status status="PASS" starttime="20200609 14:25:53.665" endtime="20200609 14:25:56.197"></status>
</kw>
<status status="PASS" starttime="20200609 14:25:26.614" endtime="20200609 14:25:56.197"></status>
</kw>
<kw name="Valid Account Register" library="Register">
<kw name="Click Element" library="SeleniumLibrary">
<doc>Click element identified by ``locator``.</doc>
<arguments>
<arg>${REGISTER}</arg>
</arguments>
<msg timestamp="20200609 14:25:56.200" level="INFO">Clicking element 'xpath://a[contains(text(),'Register Now')]'.</msg>
<status status="PASS" starttime="20200609 14:25:56.199" endtime="20200609 14:25:59.028"></status>
</kw>
<kw name="Input Text" library="SeleniumLibrary">
<doc>Types the given ``text`` into text field identified by ``locator``.</doc>
<arguments>
<arg>${COMPANY_NAME_FIELD}</arg>
<arg>Graendy_test</arg>
</arguments>
<msg timestamp="20200609 14:25:59.029" level="INFO">Typing text 'Graendy_test' into text field 'name:company_name'.</msg>
<status status="PASS" starttime="20200609 14:25:59.028" endtime="20200609 14:26:02.305"></status>
</kw>
<kw name="Click Element" library="SeleniumLibrary">
<doc>Click element identified by ``locator``.</doc>
<arguments>
<arg>${COMPANY_NAME_FIELD}</arg>
</arguments>
<msg timestamp="20200609 14:26:02.306" level="INFO">Clicking element 'name:company_name'.</msg>
<status status="PASS" starttime="20200609 14:26:02.305" endtime="20200609 14:26:04.388"></status>
</kw>
<kw name="Click Element" library="SeleniumLibrary">
<doc>Click element identified by ``locator``.</doc>
<arguments>
<arg>${AUTOMOTIVE}</arg>
</arguments>
<msg timestamp="20200609 14:26:04.389" level="INFO">Clicking element 'xpath://*[text()[contains(., "Automotive")]]'.</msg>
<status status="PASS" starttime="20200609 14:26:04.388" endtime="20200609 14:26:06.473"></status>
</kw>
<kw name="Input Text" library="SeleniumLibrary">
<doc>Types the given ``text`` into text field identified by ``locator``.</doc>
<arguments>
<arg>${REGIST_EMAIL}</arg>
<arg>panthalasian101@gmail.com</arg>
</arguments>
<msg timestamp="20200609 14:26:06.474" level="INFO">Typing text 'panthalasian101@gmail.com' into text field 'name:work_email'.</msg>
<status status="PASS" starttime="20200609 14:26:06.473" endtime="20200609 14:26:09.799"></status>
</kw>
<kw name="Input Text" library="SeleniumLibrary">
<doc>Types the given ``text`` into text field identified by ``locator``.</doc>
<arguments>
<arg>${PHONE_NUMBER}</arg>
<arg>0859126406102</arg>
</arguments>
<msg timestamp="20200609 14:26:09.800" level="INFO">Typing text '0859126406102' into text field 'name:phone_number'.</msg>
<status status="PASS" starttime="20200609 14:26:09.799" endtime="20200609 14:26:13.099"></status>
</kw>
<kw name="Input Text" library="SeleniumLibrary">
<doc>Types the given ``text`` into text field identified by ``locator``.</doc>
<arguments>
<arg>${REGIST_PASSWORD}</arg>
<arg>graendy123</arg>
</arguments>
<msg timestamp="20200609 14:26:13.100" level="INFO">Typing text 'graendy123' into text field 'name:password'.</msg>
<status status="PASS" starttime="20200609 14:26:13.099" endtime="20200609 14:26:16.383"></status>
</kw>
<kw name="Input Text" library="SeleniumLibrary">
<doc>Types the given ``text`` into text field identified by ``locator``.</doc>
<arguments>
<arg>${CONFIRMATION_PASS}</arg>
<arg>graendy123</arg>
</arguments>
<msg timestamp="20200609 14:26:16.384" level="INFO">Typing text 'graendy123' into text field 'name:confirmation'.</msg>
<status status="PASS" starttime="20200609 14:26:16.384" endtime="20200609 14:26:19.636"></status>
</kw>
<kw name="Click Element" library="SeleniumLibrary">
<doc>Click element identified by ``locator``.</doc>
<arguments>
<arg>${REGISTER_BUTTON}</arg>
</arguments>
<msg timestamp="20200609 14:26:19.637" level="INFO">Clicking element 'xpath://button[contains(text(),'Register')]'.</msg>
<status status="PASS" starttime="20200609 14:26:19.636" endtime="20200609 14:26:21.806"></status>
</kw>
<kw name="Wait Until Page Contains Element" library="SeleniumLibrary">
<doc>Waits until element ``locator`` appears on current page.</doc>
<arguments>
<arg>${SUCCESS_POP_UP}</arg>
</arguments>
<status status="PASS" starttime="20200609 14:26:21.807" endtime="20200609 14:26:22.826"></status>
</kw>
<kw name="Click Element" library="SeleniumLibrary">
<doc>Click element identified by ``locator``.</doc>
<arguments>
<arg>${OK_BUTTON}</arg>
</arguments>
<msg timestamp="20200609 14:26:22.827" level="INFO">Clicking element 'xpath://*[text()[contains(., "OK")]]'.</msg>
<status status="PASS" starttime="20200609 14:26:22.826" endtime="20200609 14:26:24.928"></status>
</kw>
<kw name="Wait Until Page Contains" library="SeleniumLibrary">
<doc>Waits until ``text`` appears on current page.</doc>
<arguments>
<arg>Welcome Back</arg>
</arguments>
<status status="PASS" starttime="20200609 14:26:24.928" endtime="20200609 14:26:28.710"></status>
</kw>
<status status="PASS" starttime="20200609 14:25:56.198" endtime="20200609 14:26:28.710"></status>
</kw>
<status status="PASS" starttime="20200609 14:24:54.601" endtime="20200609 14:26:28.711" critical="yes"></status>
</test>
<test id="s1-t2" name="TC02 Login">
<kw name="Sleep Testcase" type="setup">
<kw name="Set Selenium Speed" library="SeleniumLibrary">
<doc>Sets the delay that is waited after each Selenium command.</doc>
<arguments>
<arg>1s</arg>
</arguments>
<status status="PASS" starttime="20200609 14:26:28.715" endtime="20200609 14:26:28.716"></status>
</kw>
<status status="PASS" starttime="20200609 14:26:28.714" endtime="20200609 14:26:28.717"></status>
</kw>
<kw name="Unverivied Account 1" library="LoginPage">
<kw name="Input Text" library="SeleniumLibrary">
<doc>Types the given ``text`` into text field identified by ``locator``.</doc>
<arguments>
<arg>${EMAIL}</arg>
<arg>graendy@gmail.com</arg>
</arguments>
<msg timestamp="20200609 14:26:28.719" level="INFO">Typing text 'graendy@gmail.com' into text field 'name:email'.</msg>
<status status="PASS" starttime="20200609 14:26:28.719" endtime="20200609 14:26:32.013"></status>
</kw>
<kw name="Input Text" library="SeleniumLibrary">
<doc>Types the given ``text`` into text field identified by ``locator``.</doc>
<arguments>
<arg>${PASSWORD}</arg>
<arg>graendy123</arg>
</arguments>
<msg timestamp="20200609 14:26:32.014" level="INFO">Typing text 'graendy123' into text field 'name:password'.</msg>
<status status="PASS" starttime="20200609 14:26:32.013" endtime="20200609 14:26:35.265"></status>
</kw>
<kw name="Click Element" library="SeleniumLibrary">
<doc>Click element identified by ``locator``.</doc>
<arguments>
<arg>${SIGN_IN}</arg>
</arguments>
<msg timestamp="20200609 14:26:35.266" level="INFO">Clicking element 'xpath://button[contains(text(),'Sign In')]'.</msg>
<status status="PASS" starttime="20200609 14:26:35.265" endtime="20200609 14:26:37.420"></status>
</kw>
<kw name="Click Element" library="SeleniumLibrary">
<doc>Click element identified by ``locator``.</doc>
<arguments>
<arg>${CHANGE_USER}</arg>
</arguments>
<msg timestamp="20200609 14:26:37.421" level="INFO">Clicking element 'id:btn-logout'.</msg>
<status status="PASS" starttime="20200609 14:26:37.420" endtime="20200609 14:26:39.577"></status>
</kw>
<status status="PASS" starttime="20200609 14:26:28.718" endtime="20200609 14:26:39.577"></status>
</kw>
<kw name="Unverivied Account 2" library="LoginPage">
<kw name="Input Text" library="SeleniumLibrary">
<doc>Types the given ``text`` into text field identified by ``locator``.</doc>
<arguments>
<arg>${EMAIL}</arg>
<arg>graendy2@gmail.com</arg>
</arguments>
<msg timestamp="20200609 14:26:39.579" level="INFO">Typing text 'graendy2@gmail.com' into text field 'name:email'.</msg>
<status status="PASS" starttime="20200609 14:26:39.579" endtime="20200609 14:26:42.848"></status>
</kw>
<kw name="Input Text" library="SeleniumLibrary">
<doc>Types the given ``text`` into text field identified by ``locator``.</doc>
<arguments>
<arg>${PASSWORD}</arg>
<arg>graendy</arg>
</arguments>
<msg timestamp="20200609 14:26:42.849" level="INFO">Typing text 'graendy' into text field 'name:password'.</msg>
<status status="PASS" starttime="20200609 14:26:42.848" endtime="20200609 14:26:46.053"></status>
</kw>
<kw name="Click Element" library="SeleniumLibrary">
<doc>Click element identified by ``locator``.</doc>
<arguments>
<arg>${SIGN_IN}</arg>
</arguments>
<msg timestamp="20200609 14:26:46.054" level="INFO">Clicking element 'xpath://button[contains(text(),'Sign In')]'.</msg>
<status status="PASS" starttime="20200609 14:26:46.053" endtime="20200609 14:26:48.185"></status>
</kw>
<kw name="Click Element" library="SeleniumLibrary">
<doc>Click element identified by ``locator``.</doc>
<arguments>
<arg>${CHANGE_USER}</arg>
</arguments>
<msg timestamp="20200609 14:26:48.186" level="INFO">Clicking element 'id:btn-logout'.</msg>
<status status="PASS" starttime="20200609 14:26:48.185" endtime="20200609 14:26:50.303"></status>
</kw>
<status status="PASS" starttime="20200609 14:26:39.578" endtime="20200609 14:26:50.303"></status>
</kw>
<kw name="Valid Account" library="LoginPage">
<kw name="Input Text" library="SeleniumLibrary">
<doc>Types the given ``text`` into text field identified by ``locator``.</doc>
<arguments>
<arg>${EMAIL}</arg>
<arg>graendy.pantha@gmail.com</arg>
</arguments>
<msg timestamp="20200609 14:26:50.306" level="INFO">Typing text 'graendy.pantha@gmail.com' into text field 'name:email'.</msg>
<status status="PASS" starttime="20200609 14:26:50.306" endtime="20200609 14:26:53.637"></status>
</kw>
<kw name="Input Text" library="SeleniumLibrary">
<doc>Types the given ``text`` into text field identified by ``locator``.</doc>
<arguments>
<arg>${PASSWORD}</arg>
<arg>graendy070110</arg>
</arguments>
<msg timestamp="20200609 14:26:53.638" level="INFO">Typing text 'graendy070110' into text field 'name:password'.</msg>
<status status="PASS" starttime="20200609 14:26:53.637" endtime="20200609 14:26:56.892"></status>
</kw>
<kw name="Click Element" library="SeleniumLibrary">
<doc>Click element identified by ``locator``.</doc>
<arguments>
<arg>${SIGN_IN}</arg>
</arguments>
<msg timestamp="20200609 14:26:56.893" level="INFO">Clicking element 'xpath://button[contains(text(),'Sign In')]'.</msg>
<status status="PASS" starttime="20200609 14:26:56.892" endtime="20200609 14:26:59.022"></status>
</kw>
<kw name="Wait Until Page Contains Element" library="SeleniumLibrary">
<doc>Waits until element ``locator`` appears on current page.</doc>
<arguments>
<arg>${inbox_btn}</arg>
</arguments>
<status status="PASS" starttime="20200609 14:26:59.023" endtime="20200609 14:27:01.785"></status>
</kw>
<status status="PASS" starttime="20200609 14:26:50.304" endtime="20200609 14:27:01.785"></status>
</kw>
<kw name="Log Out" library="LoginPage">
<kw name="Click Element" library="SeleniumLibrary">
<doc>Click element identified by ``locator``.</doc>
<arguments>
<arg>${LOG_OUT_BTN}</arg>
</arguments>
<msg timestamp="20200609 14:27:01.787" level="INFO">Clicking element 'xpath://span[@id='logout_btn']'.</msg>
<status status="PASS" starttime="20200609 14:27:01.786" endtime="20200609 14:27:04.038"></status>
</kw>
<kw name="Wait Until Page Contains" library="SeleniumLibrary">
<doc>Waits until ``text`` appears on current page.</doc>
<arguments>
<arg>Welcome Back</arg>
</arguments>
<status status="PASS" starttime="20200609 14:27:04.038" endtime="20200609 14:27:05.057"></status>
</kw>
<status status="PASS" starttime="20200609 14:27:01.786" endtime="20200609 14:27:05.058"></status>
</kw>
<kw name="Invalid Login Password" library="LoginPage">
<kw name="Input Text" library="SeleniumLibrary">
<doc>Types the given ``text`` into text field identified by ``locator``.</doc>
<arguments>
<arg>${EMAIL}</arg>
<arg>graendy.pantha@gmail.com</arg>
</arguments>
<msg timestamp="20200609 14:27:05.060" level="INFO">Typing text 'graendy.pantha@gmail.com' into text field 'name:email'.</msg>
<status status="PASS" starttime="20200609 14:27:05.059" endtime="20200609 14:27:08.399"></status>
</kw>
<kw name="Input Text" library="SeleniumLibrary">
<doc>Types the given ``text`` into text field identified by ``locator``.</doc>
<arguments>
<arg>${PASSWORD}</arg>
<arg>graendygraendy</arg>
</arguments>
<msg timestamp="20200609 14:27:08.400" level="INFO">Typing text 'graendygraendy' into text field 'name:password'.</msg>
<status status="PASS" starttime="20200609 14:27:08.399" endtime="20200609 14:27:11.660"></status>
</kw>
<kw name="Click Element" library="SeleniumLibrary">
<doc>Click element identified by ``locator``.</doc>
<arguments>
<arg>${SIGN_IN}</arg>
</arguments>
<msg timestamp="20200609 14:27:11.661" level="INFO">Clicking element 'xpath://button[contains(text(),'Sign In')]'.</msg>
<status status="PASS" starttime="20200609 14:27:11.660" endtime="20200609 14:27:13.814"></status>
</kw>
<kw name="Wait Until Page Contains Element" library="SeleniumLibrary">
<doc>Waits until element ``locator`` appears on current page.</doc>
<arguments>
<arg>${WARNING_MESS_PASSWORD}</arg>
</arguments>
<status status="PASS" starttime="20200609 14:27:13.814" endtime="20200609 14:27:14.836"></status>
</kw>
<kw name="Click Element" library="SeleniumLibrary">
<doc>Click element identified by ``locator``.</doc>
<arguments>
<arg>${OK_BUTTON}</arg>
</arguments>
<msg timestamp="20200609 14:27:14.837" level="INFO">Clicking element 'xpath://*[text()[contains(., "OK")]]'.</msg>
<status status="PASS" starttime="20200609 14:27:14.836" endtime="20200609 14:27:16.932"></status>
</kw>
<kw name="Wait Until Page Contains" library="SeleniumLibrary">
<doc>Waits until ``text`` appears on current page.</doc>
<arguments>
<arg>Welcome Back</arg>
</arguments>
<status status="PASS" starttime="20200609 14:27:16.932" endtime="20200609 14:27:17.946"></status>
</kw>
<status status="PASS" starttime="20200609 14:27:05.058" endtime="20200609 14:27:17.946"></status>
</kw>
<status status="PASS" starttime="20200609 14:26:28.713" endtime="20200609 14:27:17.947" critical="yes"></status>
</test>
<kw name="Close Qiscus Multichannel" type="teardown">
<kw name="Close Browser" library="SeleniumLibrary">
<doc>Closes the current browser.</doc>
<status status="PASS" starttime="20200609 14:27:17.951" endtime="20200609 14:27:21.148"></status>
</kw>
<status status="PASS" starttime="20200609 14:27:17.950" endtime="20200609 14:27:21.149"></status>
</kw>
<status status="PASS" starttime="20200609 14:24:40.399" endtime="20200609 14:27:21.149"></status>
</suite>
<statistics>
<total>
<stat pass="2" fail="0">Critical Tests</stat>
<stat pass="2" fail="0">All Tests</stat>
</total>
<tag>
</tag>
<suite>
<stat pass="2" fail="0" id="s1" name="TestCase">TestCase</stat>
</suite>
</statistics>
<errors>
</errors>
</robot>
